<?xml version="1.0" encoding="UTF-8"?>
<coverage generated="1773232991010" clover="3.2.0">
  <project timestamp="1773232991010" name="All files">
    <metrics statements="101" coveredstatements="93" conditionals="63" coveredconditionals="51" methods="31" coveredmethods="29" elements="195" coveredelements="173" complexity="0" loc="101" ncloc="101" packages="2" files="4" classes="4"/>
    <package name="complexity-analyzer">
      <metrics statements="41" coveredstatements="40" conditionals="36" coveredconditionals="31" methods="14" coveredmethods="14"/>
      <file name="cyclomatic.js" path="C:\Users\vsabl\OneDrive\Desktop\Dreamliner\CIP\CIP\analyzers\complexity-analyzer\cyclomatic.js">
        <metrics statements="25" coveredstatements="24" conditionals="17" coveredconditionals="14" methods="4" coveredmethods="4"/>
        <line num="10" count="1" type="stmt"/>
        <line num="25" count="1" type="stmt"/>
        <line num="42" count="5" type="cond" truecount="3" falsecount="1"/>
        <line num="45" count="5" type="stmt"/>
        <line num="47" count="5" type="stmt"/>
        <line num="48" count="5" type="cond" truecount="1" falsecount="1"/>
        <line num="50" count="5" type="stmt"/>
        <line num="51" count="5" type="stmt"/>
        <line num="52" count="60" type="stmt"/>
        <line num="53" count="60" type="cond" truecount="2" falsecount="0"/>
        <line num="56" count="5" type="stmt"/>
        <line num="64" count="5" type="stmt"/>
        <line num="67" count="5" type="stmt"/>
        <line num="69" count="5" type="stmt"/>
        <line num="71" count="5" type="stmt"/>
        <line num="73" count="5" type="cond" truecount="1" falsecount="1"/>
        <line num="74" count="0" type="stmt"/>
        <line num="76" count="5" type="stmt"/>
        <line num="78" count="5" type="stmt"/>
        <line num="81" count="5" type="stmt"/>
        <line num="88" count="4" type="cond" truecount="2" falsecount="0"/>
        <line num="89" count="3" type="cond" truecount="2" falsecount="0"/>
        <line num="90" count="2" type="cond" truecount="2" falsecount="0"/>
        <line num="91" count="1" type="stmt"/>
        <line num="94" count="1" type="stmt"/>
      </file>
      <file name="hotspot_detector.js" path="C:\Users\vsabl\OneDrive\Desktop\Dreamliner\CIP\CIP\analyzers\complexity-analyzer\hotspot_detector.js">
        <metrics statements="16" coveredstatements="16" conditionals="19" coveredconditionals="17" methods="10" coveredmethods="10"/>
        <line num="15" count="6" type="cond" truecount="4" falsecount="0"/>
        <line num="17" count="5" type="stmt"/>
        <line num="18" count="25" type="stmt"/>
        <line num="20" count="20" type="stmt"/>
        <line num="21" count="20" type="stmt"/>
        <line num="22" count="20" type="stmt"/>
        <line num="30" count="30" type="stmt"/>
        <line num="33" count="5" type="stmt"/>
        <line num="40" count="20" type="cond" truecount="4" falsecount="0"/>
        <line num="41" count="10" type="cond" truecount="3" falsecount="1"/>
        <line num="42" count="10" type="cond" truecount="4" falsecount="0"/>
        <line num="43" count="5" type="stmt"/>
        <line num="54" count="1" type="stmt"/>
        <line num="55" count="4" type="stmt"/>
        <line num="57" count="1" type="cond" truecount="1" falsecount="1"/>
        <line num="62" count="1" type="stmt"/>
      </file>
    </package>
    <package name="git-analyzer">
      <metrics statements="60" coveredstatements="53" conditionals="27" coveredconditionals="20" methods="17" coveredmethods="15"/>
      <file name="change_detector.js" path="C:\Users\vsabl\OneDrive\Desktop\Dreamliner\CIP\CIP\analyzers\git-analyzer\change_detector.js">
        <metrics statements="28" coveredstatements="21" conditionals="11" coveredconditionals="8" methods="8" coveredmethods="6"/>
        <line num="6" count="1" type="stmt"/>
        <line num="7" count="1" type="stmt"/>
        <line num="9" count="1" type="stmt"/>
        <line num="18" count="3" type="cond" truecount="1" falsecount="0"/>
        <line num="19" count="3" type="stmt"/>
        <line num="20" count="3" type="stmt"/>
        <line num="23" count="3" type="stmt"/>
        <line num="27" count="3" type="stmt"/>
        <line num="28" count="3" type="stmt"/>
        <line num="29" count="9" type="stmt"/>
        <line num="30" count="9" type="cond" truecount="3" falsecount="1"/>
        <line num="31" count="9" type="cond" truecount="2" falsecount="0"/>
        <line num="35" count="3" type="stmt"/>
        <line num="36" count="6" type="stmt"/>
        <line num="38" count="3" type="stmt"/>
        <line num="39" count="3" type="stmt"/>
        <line num="41" count="6" type="stmt"/>
        <line num="44" count="6" type="stmt"/>
        <line num="45" count="3" type="cond" truecount="1" falsecount="1"/>
        <line num="49" count="3" type="stmt"/>
        <line num="62" count="0" type="stmt"/>
        <line num="63" count="0" type="stmt"/>
        <line num="64" count="0" type="stmt"/>
        <line num="66" count="0" type="stmt"/>
        <line num="70" count="0" type="stmt"/>
        <line num="71" count="0" type="stmt"/>
        <line num="74" count="0" type="stmt"/>
        <line num="77" count="1" type="stmt"/>
      </file>
      <file name="commit_tracker.js" path="C:\Users\vsabl\OneDrive\Desktop\Dreamliner\CIP\CIP\analyzers\git-analyzer\commit_tracker.js">
        <metrics statements="32" coveredstatements="32" conditionals="16" coveredconditionals="12" methods="9" coveredmethods="9"/>
        <line num="6" count="1" type="stmt"/>
        <line num="7" count="1" type="stmt"/>
        <line num="9" count="1" type="stmt"/>
        <line num="18" count="4" type="cond" truecount="1" falsecount="0"/>
        <line num="19" count="4" type="stmt"/>
        <line num="20" count="4" type="stmt"/>
        <line num="22" count="4" type="stmt"/>
        <line num="23" count="4" type="cond" truecount="1" falsecount="1"/>
        <line num="24" count="4" type="cond" truecount="1" falsecount="1"/>
        <line num="25" count="4" type="cond" truecount="1" falsecount="1"/>
        <line num="27" count="4" type="stmt"/>
        <line num="29" count="12" type="stmt"/>
        <line num="39" count="4" type="stmt"/>
        <line num="40" count="4" type="stmt"/>
        <line num="42" count="4" type="stmt"/>
        <line num="49" count="4" type="stmt"/>
        <line num="50" count="4" type="stmt"/>
        <line num="51" count="12" type="cond" truecount="2" falsecount="0"/>
        <line num="52" count="12" type="stmt"/>
        <line num="53" count="12" type="cond" truecount="1" falsecount="1"/>
        <line num="54" count="12" type="cond" truecount="2" falsecount="0"/>
        <line num="56" count="4" type="stmt"/>
        <line num="63" count="4" type="stmt"/>
        <line num="64" count="4" type="stmt"/>
        <line num="65" count="12" type="stmt"/>
        <line num="66" count="12" type="stmt"/>
        <line num="67" count="12" type="stmt"/>
        <line num="68" count="12" type="cond" truecount="2" falsecount="0"/>
        <line num="70" count="4" type="stmt"/>
        <line num="71" count="4" type="stmt"/>
        <line num="72" count="8" type="stmt"/>
        <line num="75" count="1" type="stmt"/>
      </file>
    </package>
  </project>
</coverage>
