{"C:\\Users\\vsabl\\OneDrive\\Desktop\\Dreamliner\\CIP\\CIP\\analyzers\\complexity-analyzer\\cyclomatic.js": {"path":"C:\\Users\\vsabl\\OneDrive\\Desktop\\Dreamliner\\CIP\\CIP\\analyzers\\complexity-analyzer\\cyclomatic.js","statementMap":{"0":{"start":{"line":10,"column":29},"end":{"line":23,"column":1}},"1":{"start":{"line":25,"column":29},"end":{"line":33,"column":1}},"2":{"start":{"line":42,"column":2},"end":{"line":42,"column":56}},"3":{"start":{"line":42,"column":47},"end":{"line":42,"column":56}},"4":{"start":{"line":45,"column":18},"end":{"line":45,"column":60}},"5":{"start":{"line":47,"column":19},"end":{"line":47,"column":43}},"6":{"start":{"line":48,"column":19},"end":{"line":48,"column":73}},"7":{"start":{"line":50,"column":14},"end":{"line":50,"column":15}},"8":{"start":{"line":51,"column":2},"end":{"line":54,"column":5}},"9":{"start":{"line":52,"column":20},"end":{"line":52,"column":66}},"10":{"start":{"line":53,"column":4},"end":{"line":53,"column":41}},"11":{"start":{"line":53,"column":17},"end":{"line":53,"column":41}},"12":{"start":{"line":56,"column":2},"end":{"line":56,"column":15}},"13":{"start":{"line":64,"column":15},"end":{"line":64,"column":22}},"14":{"start":{"line":67,"column":2},"end":{"line":67,"column":44}},"15":{"start":{"line":69,"column":2},"end":{"line":69,"column":54}},"16":{"start":{"line":71,"column":2},"end":{"line":71,"column":54}},"17":{"start":{"line":73,"column":2},"end":{"line":79,"column":3}},"18":{"start":{"line":74,"column":4},"end":{"line":74,"column":40}},"19":{"start":{"line":76,"column":4},"end":{"line":76,"column":43}},"20":{"start":{"line":78,"column":4},"end":{"line":78,"column":53}},"21":{"start":{"line":81,"column":2},"end":{"line":81,"column":16}},"22":{"start":{"line":88,"column":2},"end":{"line":88,"column":88}},"23":{"start":{"line":88,"column":19},"end":{"line":88,"column":88}},"24":{"start":{"line":89,"column":2},"end":{"line":89,"column":88}},"25":{"start":{"line":89,"column":19},"end":{"line":89,"column":88}},"26":{"start":{"line":90,"column":2},"end":{"line":90,"column":88}},"27":{"start":{"line":90,"column":19},"end":{"line":90,"column":88}},"28":{"start":{"line":91,"column":2},"end":{"line":91,"column":84}},"29":{"start":{"line":94,"column":0},"end":{"line":94,"column":61}}},"fnMap":{"0":{"name":"calculateCyclomatic","decl":{"start":{"line":41,"column":9},"end":{"line":41,"column":28}},"loc":{"start":{"line":41,"column":53},"end":{"line":57,"column":1}},"line":41},"1":{"name":"(anonymous_1)","decl":{"start":{"line":51,"column":19},"end":{"line":51,"column":20}},"loc":{"start":{"line":51,"column":30},"end":{"line":54,"column":3}},"line":51},"2":{"name":"stripStringsAndComments","decl":{"start":{"line":63,"column":9},"end":{"line":63,"column":32}},"loc":{"start":{"line":63,"column":52},"end":{"line":82,"column":1}},"line":63},"3":{"name":"classifyComplexity","decl":{"start":{"line":87,"column":9},"end":{"line":87,"column":27}},"loc":{"start":{"line":87,"column":35},"end":{"line":92,"column":1}},"line":87}},"branchMap":{"0":{"loc":{"start":{"line":41,"column":38},"end":{"line":41,"column":51}},"type":"default-arg","locations":[{"start":{"line":41,"column":49},"end":{"line":41,"column":51}}],"line":41},"1":{"loc":{"start":{"line":42,"column":2},"end":{"line":42,"column":56}},"type":"if","locations":[{"start":{"line":42,"column":2},"end":{"line":42,"column":56}},{"start":{},"end":{}}],"line":42},"2":{"loc":{"start":{"line":42,"column":6},"end":{"line":42,"column":45}},"type":"binary-expr","locations":[{"start":{"line":42,"column":6},"end":{"line":42,"column":14}},{"start":{"line":42,"column":18},"end":{"line":42,"column":45}}],"line":42},"3":{"loc":{"start":{"line":48,"column":19},"end":{"line":48,"column":73}},"type":"cond-expr","locations":[{"start":{"line":48,"column":30},"end":{"line":48,"column":50}},{"start":{"line":48,"column":53},"end":{"line":48,"column":73}}],"line":48},"4":{"loc":{"start":{"line":53,"column":4},"end":{"line":53,"column":41}},"type":"if","locations":[{"start":{"line":53,"column":4},"end":{"line":53,"column":41}},{"start":{},"end":{}}],"line":53},"5":{"loc":{"start":{"line":73,"column":2},"end":{"line":79,"column":3}},"type":"if","locations":[{"start":{"line":73,"column":2},"end":{"line":79,"column":3}},{"start":{"line":75,"column":9},"end":{"line":79,"column":3}}],"line":73},"6":{"loc":{"start":{"line":88,"column":2},"end":{"line":88,"column":88}},"type":"if","locations":[{"start":{"line":88,"column":2},"end":{"line":88,"column":88}},{"start":{},"end":{}}],"line":88},"7":{"loc":{"start":{"line":89,"column":2},"end":{"line":89,"column":88}},"type":"if","locations":[{"start":{"line":89,"column":2},"end":{"line":89,"column":88}},{"start":{},"end":{}}],"line":89},"8":{"loc":{"start":{"line":90,"column":2},"end":{"line":90,"column":88}},"type":"if","locations":[{"start":{"line":90,"column":2},"end":{"line":90,"column":88}},{"start":{},"end":{}}],"line":90}},"s":{"0":1,"1":1,"2":5,"3":0,"4":5,"5":5,"6":5,"7":5,"8":5,"9":60,"10":60,"11":5,"12":5,"13":5,"14":5,"15":5,"16":5,"17":5,"18":0,"19":5,"20":5,"21":5,"22":4,"23":1,"24":3,"25":1,"26":2,"27":1,"28":1,"29":1},"f":{"0":5,"1":60,"2":5,"3":4},"b":{"0":[5],"1":[0,5],"2":[5,5],"3":[0,5],"4":[5,55],"5":[0,5],"6":[1,3],"7":[1,2],"8":[1,1]},"_coverageSchema":"1a1c01bbd47fc00a2c39e90264f33305004495a9","hash":"79a28af3618c97d240d67c423087d804b143ac0b"}
,"C:\\Users\\vsabl\\OneDrive\\Desktop\\Dreamliner\\CIP\\CIP\\analyzers\\complexity-analyzer\\hotspot_detector.js": {"path":"C:\\Users\\vsabl\\OneDrive\\Desktop\\Dreamliner\\CIP\\CIP\\analyzers\\complexity-analyzer\\hotspot_detector.js","statementMap":{"0":{"start":{"line":15,"column":2},"end":{"line":15,"column":46}},"1":{"start":{"line":15,"column":36},"end":{"line":15,"column":46}},"2":{"start":{"line":17,"column":17},"end":{"line":31,"column":19}},"3":{"start":{"line":18,"column":17},"end":{"line":18,"column":29}},"4":{"start":{"line":20,"column":23},"end":{"line":20,"column":54}},"5":{"start":{"line":21,"column":27},"end":{"line":21,"column":62}},"6":{"start":{"line":22,"column":6},"end":{"line":28,"column":8}},"7":{"start":{"line":30,"column":20},"end":{"line":30,"column":51}},"8":{"start":{"line":33,"column":2},"end":{"line":33,"column":16}},"9":{"start":{"line":40,"column":2},"end":{"line":40,"column":56}},"10":{"start":{"line":40,"column":38},"end":{"line":40,"column":56}},"11":{"start":{"line":41,"column":2},"end":{"line":41,"column":52}},"12":{"start":{"line":41,"column":38},"end":{"line":41,"column":52}},"13":{"start":{"line":42,"column":2},"end":{"line":42,"column":54}},"14":{"start":{"line":42,"column":38},"end":{"line":42,"column":54}},"15":{"start":{"line":43,"column":2},"end":{"line":43,"column":15}},"16":{"start":{"line":54,"column":19},"end":{"line":54,"column":55}},"17":{"start":{"line":54,"column":47},"end":{"line":54,"column":53}},"18":{"start":{"line":55,"column":2},"end":{"line":59,"column":6}},"19":{"start":{"line":55,"column":30},"end":{"line":55,"column":50}},"20":{"start":{"line":55,"column":62},"end":{"line":59,"column":3}},"21":{"start":{"line":57,"column":37},"end":{"line":57,"column":54}},"22":{"start":{"line":62,"column":0},"end":{"line":62,"column":73}}},"fnMap":{"0":{"name":"detectHotspots","decl":{"start":{"line":14,"column":9},"end":{"line":14,"column":23}},"loc":{"start":{"line":14,"column":42},"end":{"line":34,"column":1}},"line":14},"1":{"name":"(anonymous_1)","decl":{"start":{"line":18,"column":12},"end":{"line":18,"column":13}},"loc":{"start":{"line":18,"column":17},"end":{"line":18,"column":29}},"line":18},"2":{"name":"(anonymous_2)","decl":{"start":{"line":19,"column":9},"end":{"line":19,"column":10}},"loc":{"start":{"line":19,"column":14},"end":{"line":29,"column":5}},"line":19},"3":{"name":"(anonymous_3)","decl":{"start":{"line":30,"column":10},"end":{"line":30,"column":11}},"loc":{"start":{"line":30,"column":20},"end":{"line":30,"column":51}},"line":30},"4":{"name":"classifyRisk","decl":{"start":{"line":39,"column":9},"end":{"line":39,"column":21}},"loc":{"start":{"line":39,"column":41},"end":{"line":44,"column":1}},"line":39},"5":{"name":"findRiskyIntersection","decl":{"start":{"line":53,"column":9},"end":{"line":53,"column":30}},"loc":{"start":{"line":53,"column":53},"end":{"line":60,"column":1}},"line":53},"6":{"name":"(anonymous_6)","decl":{"start":{"line":54,"column":42},"end":{"line":54,"column":43}},"loc":{"start":{"line":54,"column":47},"end":{"line":54,"column":53}},"line":54},"7":{"name":"(anonymous_7)","decl":{"start":{"line":55,"column":25},"end":{"line":55,"column":26}},"loc":{"start":{"line":55,"column":30},"end":{"line":55,"column":50}},"line":55},"8":{"name":"(anonymous_8)","decl":{"start":{"line":55,"column":56},"end":{"line":55,"column":57}},"loc":{"start":{"line":55,"column":62},"end":{"line":59,"column":3}},"line":55},"9":{"name":"(anonymous_9)","decl":{"start":{"line":57,"column":32},"end":{"line":57,"column":33}},"loc":{"start":{"line":57,"column":37},"end":{"line":57,"column":54}},"line":57}},"branchMap":{"0":{"loc":{"start":{"line":14,"column":31},"end":{"line":14,"column":40}},"type":"default-arg","locations":[{"start":{"line":14,"column":38},"end":{"line":14,"column":40}}],"line":14},"1":{"loc":{"start":{"line":15,"column":2},"end":{"line":15,"column":46}},"type":"if","locations":[{"start":{"line":15,"column":2},"end":{"line":15,"column":46}},{"start":{},"end":{}}],"line":15},"2":{"loc":{"start":{"line":15,"column":6},"end":{"line":15,"column":34}},"type":"binary-expr","locations":[{"start":{"line":15,"column":6},"end":{"line":15,"column":12}},{"start":{"line":15,"column":16},"end":{"line":15,"column":34}}],"line":15},"3":{"loc":{"start":{"line":40,"column":2},"end":{"line":40,"column":56}},"type":"if","locations":[{"start":{"line":40,"column":2},"end":{"line":40,"column":56}},{"start":{},"end":{}}],"line":40},"4":{"loc":{"start":{"line":40,"column":6},"end":{"line":40,"column":36}},"type":"binary-expr","locations":[{"start":{"line":40,"column":6},"end":{"line":40,"column":21}},{"start":{"line":40,"column":25},"end":{"line":40,"column":36}}],"line":40},"5":{"loc":{"start":{"line":41,"column":2},"end":{"line":41,"column":52}},"type":"if","locations":[{"start":{"line":41,"column":2},"end":{"line":41,"column":52}},{"start":{},"end":{}}],"line":41},"6":{"loc":{"start":{"line":41,"column":6},"end":{"line":41,"column":36}},"type":"binary-expr","locations":[{"start":{"line":41,"column":6},"end":{"line":41,"column":21}},{"start":{"line":41,"column":25},"end":{"line":41,"column":36}}],"line":41},"7":{"loc":{"start":{"line":42,"column":2},"end":{"line":42,"column":54}},"type":"if","locations":[{"start":{"line":42,"column":2},"end":{"line":42,"column":54}},{"start":{},"end":{}}],"line":42},"8":{"loc":{"start":{"line":42,"column":6},"end":{"line":42,"column":36}},"type":"binary-expr","locations":[{"start":{"line":42,"column":6},"end":{"line":42,"column":21}},{"start":{"line":42,"column":25},"end":{"line":42,"column":36}}],"line":42},"9":{"loc":{"start":{"line":57,"column":16},"end":{"line":57,"column":69}},"type":"binary-expr","locations":[{"start":{"line":57,"column":16},"end":{"line":57,"column":64}},{"start":{"line":57,"column":68},"end":{"line":57,"column":69}}],"line":57}},"s":{"0":6,"1":1,"2":5,"3":25,"4":20,"5":20,"6":20,"7":30,"8":5,"9":20,"10":10,"11":10,"12":0,"13":10,"14":5,"15":5,"16":1,"17":1,"18":1,"19":4,"20":1,"21":1,"22":1},"f":{"0":6,"1":25,"2":20,"3":30,"4":20,"5":1,"6":1,"7":4,"8":1,"9":1},"b":{"0":[6],"1":[1,5],"2":[6,6],"3":[10,10],"4":[20,10],"5":[0,10],"6":[10,10],"7":[5,5],"8":[10,5],"9":[1,0]},"_coverageSchema":"1a1c01bbd47fc00a2c39e90264f33305004495a9","hash":"fd4948effef05c621269cc16357d69913ed2c711"}
,"C:\\Users\\vsabl\\OneDrive\\Desktop\\Dreamliner\\CIP\\CIP\\analyzers\\git-analyzer\\change_detector.js": {"path":"C:\\Users\\vsabl\\OneDrive\\Desktop\\Dreamliner\\CIP\\CIP\\analyzers\\git-analyzer\\change_detector.js","statementMap":{"0":{"start":{"line":6,"column":18},"end":{"line":6,"column":39}},"1":{"start":{"line":7,"column":13},"end":{"line":7,"column":28}},"2":{"start":{"line":9,"column":19},"end":{"line":9,"column":59}},"3":{"start":{"line":18,"column":26},"end":{"line":18,"column":30}},"4":{"start":{"line":19,"column":19},"end":{"line":19,"column":48}},"5":{"start":{"line":20,"column":14},"end":{"line":20,"column":33}},"6":{"start":{"line":23,"column":14},"end":{"line":25,"column":4}},"7":{"start":{"line":27,"column":27},"end":{"line":27,"column":29}},"8":{"start":{"line":28,"column":2},"end":{"line":33,"column":5}},"9":{"start":{"line":29,"column":20},"end":{"line":29,"column":31}},"10":{"start":{"line":30,"column":4},"end":{"line":32,"column":5}},"11":{"start":{"line":31,"column":6},"end":{"line":31,"column":71}},"12":{"start":{"line":35,"column":27},"end":{"line":35,"column":63}},"13":{"start":{"line":36,"column":23},"end":{"line":36,"column":81}},"14":{"start":{"line":36,"column":72},"end":{"line":36,"column":77}},"15":{"start":{"line":38,"column":22},"end":{"line":41,"column":50}},"16":{"start":{"line":39,"column":28},"end":{"line":39,"column":33}},"17":{"start":{"line":41,"column":31},"end":{"line":41,"column":48}},"18":{"start":{"line":44,"column":21},"end":{"line":44,"column":78}},"19":{"start":{"line":44,"column":65},"end":{"line":44,"column":70}},"20":{"start":{"line":45,"column":20},"end":{"line":47,"column":7}},"21":{"start":{"line":49,"column":2},"end":{"line":55,"column":4}},"22":{"start":{"line":62,"column":19},"end":{"line":62,"column":48}},"23":{"start":{"line":63,"column":14},"end":{"line":63,"column":33}},"24":{"start":{"line":64,"column":16},"end":{"line":64,"column":68}},"25":{"start":{"line":66,"column":14},"end":{"line":68,"column":4}},"26":{"start":{"line":70,"column":16},"end":{"line":72,"column":4}},"27":{"start":{"line":71,"column":36},"end":{"line":71,"column":44}},"28":{"start":{"line":74,"column":2},"end":{"line":74,"column":32}},"29":{"start":{"line":77,"column":0},"end":{"line":77,"column":53}}},"fnMap":{"0":{"name":"detectChanges","decl":{"start":{"line":17,"column":15},"end":{"line":17,"column":28}},"loc":{"start":{"line":17,"column":48},"end":{"line":56,"column":1}},"line":17},"1":{"name":"(anonymous_1)","decl":{"start":{"line":28,"column":33},"end":{"line":28,"column":34}},"loc":{"start":{"line":28,"column":41},"end":{"line":33,"column":3}},"line":28},"2":{"name":"(anonymous_2)","decl":{"start":{"line":36,"column":62},"end":{"line":36,"column":63}},"loc":{"start":{"line":36,"column":72},"end":{"line":36,"column":77}},"line":36},"3":{"name":"(anonymous_3)","decl":{"start":{"line":39,"column":10},"end":{"line":39,"column":11}},"loc":{"start":{"line":39,"column":28},"end":{"line":39,"column":33}},"line":39},"4":{"name":"(anonymous_4)","decl":{"start":{"line":41,"column":9},"end":{"line":41,"column":10}},"loc":{"start":{"line":41,"column":31},"end":{"line":41,"column":48}},"line":41},"5":{"name":"(anonymous_5)","decl":{"start":{"line":44,"column":60},"end":{"line":44,"column":61}},"loc":{"start":{"line":44,"column":65},"end":{"line":44,"column":70}},"line":44},"6":{"name":"recentlyModified","decl":{"start":{"line":61,"column":15},"end":{"line":61,"column":31}},"loc":{"start":{"line":61,"column":51},"end":{"line":75,"column":1}},"line":61},"7":{"name":"(anonymous_7)","decl":{"start":{"line":71,"column":31},"end":{"line":71,"column":32}},"loc":{"start":{"line":71,"column":36},"end":{"line":71,"column":44}},"line":71}},"branchMap":{"0":{"loc":{"start":{"line":17,"column":37},"end":{"line":17,"column":46}},"type":"default-arg","locations":[{"start":{"line":17,"column":44},"end":{"line":17,"column":46}}],"line":17},"1":{"loc":{"start":{"line":18,"column":10},"end":{"line":18,"column":21}},"type":"default-arg","locations":[{"start":{"line":18,"column":18},"end":{"line":18,"column":21}}],"line":18},"2":{"loc":{"start":{"line":30,"column":4},"end":{"line":32,"column":5}},"type":"if","locations":[{"start":{"line":30,"column":4},"end":{"line":32,"column":5}},{"start":{},"end":{}}],"line":30},"3":{"loc":{"start":{"line":30,"column":8},"end":{"line":30,"column":48}},"type":"binary-expr","locations":[{"start":{"line":30,"column":8},"end":{"line":30,"column":15}},{"start":{"line":30,"column":19},"end":{"line":30,"column":48}}],"line":30},"4":{"loc":{"start":{"line":31,"column":35},"end":{"line":31,"column":65}},"type":"binary-expr","locations":[{"start":{"line":31,"column":35},"end":{"line":31,"column":60}},{"start":{"line":31,"column":64},"end":{"line":31,"column":65}}],"line":31},"5":{"loc":{"start":{"line":45,"column":20},"end":{"line":47,"column":7}},"type":"cond-expr","locations":[{"start":{"line":46,"column":6},"end":{"line":46,"column":68}},{"start":{"line":47,"column":6},"end":{"line":47,"column":7}}],"line":45},"6":{"loc":{"start":{"line":61,"column":40},"end":{"line":61,"column":49}},"type":"default-arg","locations":[{"start":{"line":61,"column":47},"end":{"line":61,"column":49}}],"line":61}},"s":{"0":1,"1":1,"2":1,"3":3,"4":3,"5":3,"6":3,"7":3,"8":3,"9":9,"10":9,"11":9,"12":3,"13":3,"14":6,"15":3,"16":3,"17":6,"18":3,"19":6,"20":3,"21":3,"22":0,"23":0,"24":0,"25":0,"26":0,"27":0,"28":0,"29":1},"f":{"0":3,"1":9,"2":6,"3":3,"4":6,"5":6,"6":0,"7":0},"b":{"0":[3],"1":[3],"2":[9,0],"3":[9,9],"4":[9,6],"5":[3,0],"6":[0]},"_coverageSchema":"1a1c01bbd47fc00a2c39e90264f33305004495a9","hash":"f54f1ab1868e94420b3c75cfdec337399228906e"}
,"C:\\Users\\vsabl\\OneDrive\\Desktop\\Dreamliner\\CIP\\CIP\\analyzers\\git-analyzer\\commit_tracker.js": {"path":"C:\\Users\\vsabl\\OneDrive\\Desktop\\Dreamliner\\CIP\\CIP\\analyzers\\git-analyzer\\commit_tracker.js","statementMap":{"0":{"start":{"line":6,"column":18},"end":{"line":6,"column":39}},"1":{"start":{"line":7,"column":13},"end":{"line":7,"column":28}},"2":{"start":{"line":9,"column":19},"end":{"line":9,"column":59}},"3":{"start":{"line":18,"column":48},"end":{"line":18,"column":52}},"4":{"start":{"line":19,"column":19},"end":{"line":19,"column":48}},"5":{"start":{"line":20,"column":14},"end":{"line":20,"column":33}},"6":{"start":{"line":22,"column":18},"end":{"line":22,"column":37}},"7":{"start":{"line":23,"column":2},"end":{"line":23,"column":41}},"8":{"start":{"line":23,"column":14},"end":{"line":23,"column":41}},"9":{"start":{"line":24,"column":2},"end":{"line":24,"column":41}},"10":{"start":{"line":24,"column":14},"end":{"line":24,"column":41}},"11":{"start":{"line":25,"column":2},"end":{"line":25,"column":43}},"12":{"start":{"line":25,"column":14},"end":{"line":25,"column":43}},"13":{"start":{"line":27,"column":14},"end":{"line":27,"column":36}},"14":{"start":{"line":29,"column":18},"end":{"line":37,"column":5}},"15":{"start":{"line":29,"column":36},"end":{"line":37,"column":3}},"16":{"start":{"line":39,"column":22},"end":{"line":39,"column":47}},"17":{"start":{"line":40,"column":25},"end":{"line":40,"column":53}},"18":{"start":{"line":42,"column":2},"end":{"line":42,"column":68}},"19":{"start":{"line":49,"column":14},"end":{"line":49,"column":16}},"20":{"start":{"line":50,"column":2},"end":{"line":55,"column":5}},"21":{"start":{"line":51,"column":4},"end":{"line":51,"column":126}},"22":{"start":{"line":51,"column":24},"end":{"line":51,"column":126}},"23":{"start":{"line":52,"column":4},"end":{"line":52,"column":26}},"24":{"start":{"line":53,"column":4},"end":{"line":53,"column":99}},"25":{"start":{"line":53,"column":64},"end":{"line":53,"column":99}},"26":{"start":{"line":54,"column":4},"end":{"line":54,"column":97}},"27":{"start":{"line":54,"column":63},"end":{"line":54,"column":97}},"28":{"start":{"line":56,"column":2},"end":{"line":56,"column":62}},"29":{"start":{"line":56,"column":43},"end":{"line":56,"column":60}},"30":{"start":{"line":63,"column":17},"end":{"line":63,"column":19}},"31":{"start":{"line":64,"column":2},"end":{"line":69,"column":5}},"32":{"start":{"line":65,"column":14},"end":{"line":65,"column":30}},"33":{"start":{"line":66,"column":4},"end":{"line":66,"column":40}},"34":{"start":{"line":67,"column":16},"end":{"line":67,"column":44}},"35":{"start":{"line":68,"column":4},"end":{"line":68,"column":41}},"36":{"start":{"line":70,"column":2},"end":{"line":72,"column":47}},"37":{"start":{"line":71,"column":24},"end":{"line":71,"column":42}},"38":{"start":{"line":72,"column":29},"end":{"line":72,"column":44}},"39":{"start":{"line":75,"column":0},"end":{"line":75,"column":34}}},"fnMap":{"0":{"name":"getCommitLog","decl":{"start":{"line":17,"column":15},"end":{"line":17,"column":27}},"loc":{"start":{"line":17,"column":47},"end":{"line":43,"column":1}},"line":17},"1":{"name":"(anonymous_1)","decl":{"start":{"line":29,"column":30},"end":{"line":29,"column":31}},"loc":{"start":{"line":29,"column":36},"end":{"line":37,"column":3}},"line":29},"2":{"name":"buildAuthorStats","decl":{"start":{"line":48,"column":9},"end":{"line":48,"column":25}},"loc":{"start":{"line":48,"column":35},"end":{"line":57,"column":1}},"line":48},"3":{"name":"(anonymous_3)","decl":{"start":{"line":50,"column":18},"end":{"line":50,"column":19}},"loc":{"start":{"line":50,"column":23},"end":{"line":55,"column":3}},"line":50},"4":{"name":"(anonymous_4)","decl":{"start":{"line":56,"column":33},"end":{"line":56,"column":34}},"loc":{"start":{"line":56,"column":43},"end":{"line":56,"column":60}},"line":56},"5":{"name":"buildWeeklyActivity","decl":{"start":{"line":62,"column":9},"end":{"line":62,"column":28}},"loc":{"start":{"line":62,"column":38},"end":{"line":73,"column":1}},"line":62},"6":{"name":"(anonymous_6)","decl":{"start":{"line":64,"column":18},"end":{"line":64,"column":19}},"loc":{"start":{"line":64,"column":23},"end":{"line":69,"column":3}},"line":64},"7":{"name":"(anonymous_7)","decl":{"start":{"line":71,"column":10},"end":{"line":71,"column":11}},"loc":{"start":{"line":71,"column":24},"end":{"line":71,"column":42}},"line":71},"8":{"name":"(anonymous_8)","decl":{"start":{"line":72,"column":9},"end":{"line":72,"column":10}},"loc":{"start":{"line":72,"column":29},"end":{"line":72,"column":44}},"line":72}},"branchMap":{"0":{"loc":{"start":{"line":17,"column":36},"end":{"line":17,"column":45}},"type":"default-arg","locations":[{"start":{"line":17,"column":43},"end":{"line":17,"column":45}}],"line":17},"1":{"loc":{"start":{"line":18,"column":10},"end":{"line":18,"column":21}},"type":"default-arg","locations":[{"start":{"line":18,"column":18},"end":{"line":18,"column":21}}],"line":18},"2":{"loc":{"start":{"line":23,"column":2},"end":{"line":23,"column":41}},"type":"if","locations":[{"start":{"line":23,"column":2},"end":{"line":23,"column":41}},{"start":{},"end":{}}],"line":23},"3":{"loc":{"start":{"line":24,"column":2},"end":{"line":24,"column":41}},"type":"if","locations":[{"start":{"line":24,"column":2},"end":{"line":24,"column":41}},{"start":{},"end":{}}],"line":24},"4":{"loc":{"start":{"line":25,"column":2},"end":{"line":25,"column":43}},"type":"if","locations":[{"start":{"line":25,"column":2},"end":{"line":25,"column":43}},{"start":{},"end":{}}],"line":25},"5":{"loc":{"start":{"line":51,"column":4},"end":{"line":51,"column":126}},"type":"if","locations":[{"start":{"line":51,"column":4},"end":{"line":51,"column":126}},{"start":{},"end":{}}],"line":51},"6":{"loc":{"start":{"line":53,"column":4},"end":{"line":53,"column":99}},"type":"if","locations":[{"start":{"line":53,"column":4},"end":{"line":53,"column":99}},{"start":{},"end":{}}],"line":53},"7":{"loc":{"start":{"line":54,"column":4},"end":{"line":54,"column":97}},"type":"if","locations":[{"start":{"line":54,"column":4},"end":{"line":54,"column":97}},{"start":{},"end":{}}],"line":54},"8":{"loc":{"start":{"line":68,"column":19},"end":{"line":68,"column":35}},"type":"binary-expr","locations":[{"start":{"line":68,"column":19},"end":{"line":68,"column":30}},{"start":{"line":68,"column":34},"end":{"line":68,"column":35}}],"line":68}},"s":{"0":1,"1":1,"2":1,"3":4,"4":4,"5":4,"6":4,"7":4,"8":0,"9":4,"10":0,"11":4,"12":0,"13":4,"14":4,"15":12,"16":4,"17":4,"18":4,"19":4,"20":4,"21":12,"22":8,"23":12,"24":12,"25":0,"26":12,"27":4,"28":4,"29":4,"30":4,"31":4,"32":12,"33":12,"34":12,"35":12,"36":4,"37":4,"38":8,"39":1},"f":{"0":4,"1":12,"2":4,"3":12,"4":4,"5":4,"6":12,"7":4,"8":8},"b":{"0":[4],"1":[4],"2":[0,4],"3":[0,4],"4":[0,4],"5":[8,4],"6":[0,12],"7":[4,8],"8":[12,8]},"_coverageSchema":"1a1c01bbd47fc00a2c39e90264f33305004495a9","hash":"3b69af18a77b96994c26fa410b8d909b64571ae0"}
}
