TN:
SF:analyzers\complexity-analyzer\cyclomatic.js
FN:41,calculateCyclomatic
FN:51,(anonymous_1)
FN:63,stripStringsAndComments
FN:87,classifyComplexity
FNF:4
FNH:4
FNDA:5,calculateCyclomatic
FNDA:60,(anonymous_1)
FNDA:5,stripStringsAndComments
FNDA:4,classifyComplexity
DA:10,1
DA:25,1
DA:42,5
DA:45,5
DA:47,5
DA:48,5
DA:50,5
DA:51,5
DA:52,60
DA:53,60
DA:56,5
DA:64,5
DA:67,5
DA:69,5
DA:71,5
DA:73,5
DA:74,0
DA:76,5
DA:78,5
DA:81,5
DA:88,4
DA:89,3
DA:90,2
DA:91,1
DA:94,1
LF:25
LH:24
BRDA:41,0,0,5
BRDA:42,1,0,0
BRDA:42,1,1,5
BRDA:42,2,0,5
BRDA:42,2,1,5
BRDA:48,3,0,0
BRDA:48,3,1,5
BRDA:53,4,0,5
BRDA:53,4,1,55
BRDA:73,5,0,0
BRDA:73,5,1,5
BRDA:88,6,0,1
BRDA:88,6,1,3
BRDA:89,7,0,1
BRDA:89,7,1,2
BRDA:90,8,0,1
BRDA:90,8,1,1
BRF:17
BRH:14
end_of_record
TN:
SF:analyzers\complexity-analyzer\hotspot_detector.js
FN:14,detectHotspots
FN:18,(anonymous_1)
FN:19,(anonymous_2)
FN:30,(anonymous_3)
FN:39,classifyRisk
FN:53,findRiskyIntersection
FN:54,(anonymous_6)
FN:55,(anonymous_7)
FN:55,(anonymous_8)
FN:57,(anonymous_9)
FNF:10
FNH:10
FNDA:6,detectHotspots
FNDA:25,(anonymous_1)
FNDA:20,(anonymous_2)
FNDA:30,(anonymous_3)
FNDA:20,classifyRisk
FNDA:1,findRiskyIntersection
FNDA:1,(anonymous_6)
FNDA:4,(anonymous_7)
FNDA:1,(anonymous_8)
FNDA:1,(anonymous_9)
DA:15,6
DA:17,5
DA:18,25
DA:20,20
DA:21,20
DA:22,20
DA:30,30
DA:33,5
DA:40,20
DA:41,10
DA:42,10
DA:43,5
DA:54,1
DA:55,4
DA:57,1
DA:62,1
LF:16
LH:16
BRDA:14,0,0,6
BRDA:15,1,0,1
BRDA:15,1,1,5
BRDA:15,2,0,6
BRDA:15,2,1,6
BRDA:40,3,0,10
BRDA:40,3,1,10
BRDA:40,4,0,20
BRDA:40,4,1,10
BRDA:41,5,0,0
BRDA:41,5,1,10
BRDA:41,6,0,10
BRDA:41,6,1,10
BRDA:42,7,0,5
BRDA:42,7,1,5
BRDA:42,8,0,10
BRDA:42,8,1,5
BRDA:57,9,0,1
BRDA:57,9,1,0
BRF:19
BRH:17
end_of_record
TN:
SF:analyzers\git-analyzer\change_detector.js
FN:17,detectChanges
FN:28,(anonymous_1)
FN:36,(anonymous_2)
FN:39,(anonymous_3)
FN:41,(anonymous_4)
FN:44,(anonymous_5)
FN:61,recentlyModified
FN:71,(anonymous_7)
FNF:8
FNH:6
FNDA:3,detectChanges
FNDA:9,(anonymous_1)
FNDA:6,(anonymous_2)
FNDA:3,(anonymous_3)
FNDA:6,(anonymous_4)
FNDA:6,(anonymous_5)
FNDA:0,recentlyModified
FNDA:0,(anonymous_7)
DA:6,1
DA:7,1
DA:9,1
DA:18,3
DA:19,3
DA:20,3
DA:23,3
DA:27,3
DA:28,3
DA:29,9
DA:30,9
DA:31,9
DA:35,3
DA:36,6
DA:38,3
DA:39,3
DA:41,6
DA:44,6
DA:45,3
DA:49,3
DA:62,0
DA:63,0
DA:64,0
DA:66,0
DA:70,0
DA:71,0
DA:74,0
DA:77,1
LF:28
LH:21
BRDA:17,0,0,3
BRDA:18,1,0,3
BRDA:30,2,0,9
BRDA:30,2,1,0
BRDA:30,3,0,9
BRDA:30,3,1,9
BRDA:31,4,0,9
BRDA:31,4,1,6
BRDA:45,5,0,3
BRDA:45,5,1,0
BRDA:61,6,0,0
BRF:11
BRH:8
end_of_record
TN:
SF:analyzers\git-analyzer\commit_tracker.js
FN:17,getCommitLog
FN:29,(anonymous_1)
FN:48,buildAuthorStats
FN:50,(anonymous_3)
FN:56,(anonymous_4)
FN:62,buildWeeklyActivity
FN:64,(anonymous_6)
FN:71,(anonymous_7)
FN:72,(anonymous_8)
FNF:9
FNH:9
FNDA:4,getCommitLog
FNDA:12,(anonymous_1)
FNDA:4,buildAuthorStats
FNDA:12,(anonymous_3)
FNDA:4,(anonymous_4)
FNDA:4,buildWeeklyActivity
FNDA:12,(anonymous_6)
FNDA:4,(anonymous_7)
FNDA:8,(anonymous_8)
DA:6,1
DA:7,1
DA:9,1
DA:18,4
DA:19,4
DA:20,4
DA:22,4
DA:23,4
DA:24,4
DA:25,4
DA:27,4
DA:29,12
DA:39,4
DA:40,4
DA:42,4
DA:49,4
DA:50,4
DA:51,12
DA:52,12
DA:53,12
DA:54,12
DA:56,4
DA:63,4
DA:64,4
DA:65,12
DA:66,12
DA:67,12
DA:68,12
DA:70,4
DA:71,4
DA:72,8
DA:75,1
LF:32
LH:32
BRDA:17,0,0,4
BRDA:18,1,0,4
BRDA:23,2,0,0
BRDA:23,2,1,4
BRDA:24,3,0,0
BRDA:24,3,1,4
BRDA:25,4,0,0
BRDA:25,4,1,4
BRDA:51,5,0,8
BRDA:51,5,1,4
BRDA:53,6,0,0
BRDA:53,6,1,12
BRDA:54,7,0,4
BRDA:54,7,1,8
BRDA:68,8,0,12
BRDA:68,8,1,8
BRF:16
BRH:12
end_of_record
